<?xml version="1.0" encoding="UTF-8"?>
<!-- Generated by org.testng.reporters.JUnitReportReporter -->
<testsuite hostname="LAPTOP-3R1PHR1K" failures="0" tests="1" name="com.google.in.OpeningGoogle" time="7.638" errors="0" timestamp="2021-11-02T12:17:43 IST" skipped="0">
  <testcase classname="com.google.in.OpeningGoogle" name="execute" time="7.638"/>
  <system-out/>
</testsuite> <!-- com.google.in.OpeningGoogle -->
